{"/home/aayush/Programming/Internship Assesment/jest_testing/app.js": {"path":"/home/aayush/Programming/Internship Assesment/jest_testing/app.js","statementMap":{"0":{"start":{"line":1,"column":0},"end":{"line":1,"column":27}},"1":{"start":{"line":2,"column":16},"end":{"line":2,"column":34}},"2":{"start":{"line":3,"column":11},"end":{"line":3,"column":26}},"3":{"start":{"line":4,"column":10},"end":{"line":4,"column":40}},"4":{"start":{"line":5,"column":0},"end":{"line":5,"column":36}},"5":{"start":{"line":6,"column":0},"end":{"line":6,"column":23}},"6":{"start":{"line":8,"column":12},"end":{"line":8,"column":21}},"7":{"start":{"line":9,"column":0},"end":{"line":9,"column":24}},"8":{"start":{"line":10,"column":0},"end":{"line":10,"column":27}},"9":{"start":{"line":11,"column":0},"end":{"line":11,"column":16}},"10":{"start":{"line":12,"column":0},"end":{"line":12,"column":23}},"11":{"start":{"line":13,"column":20},"end":{"line":13,"column":22}},"12":{"start":{"line":14,"column":9},"end":{"line":14,"column":33}},"13":{"start":{"line":15,"column":9},"end":{"line":15,"column":33}},"14":{"start":{"line":16,"column":0},"end":{"line":16,"column":21}},"15":{"start":{"line":17,"column":0},"end":{"line":17,"column":21}},"16":{"start":{"line":18,"column":0},"end":{"line":18,"column":18}}},"fnMap":{},"branchMap":{},"s":{"0":2,"1":2,"2":2,"3":2,"4":2,"5":2,"6":2,"7":2,"8":2,"9":2,"10":2,"11":2,"12":2,"13":2,"14":2,"15":2,"16":2},"f":{},"b":{},"_coverageSchema":"1a1c01bbd47fc00a2c39e90264f33305004495a9","hash":"1dc81d7db6241acdf624f7d47454e2bb73da1443"}
,"/home/aayush/Programming/Internship Assesment/jest_testing/mongodbconnection.js": {"path":"/home/aayush/Programming/Internship Assesment/jest_testing/mongodbconnection.js","statementMap":{"0":{"start":{"line":1,"column":0},"end":{"line":1,"column":27}},"1":{"start":{"line":2,"column":17},"end":{"line":2,"column":36}},"2":{"start":{"line":3,"column":0},"end":{"line":14,"column":1}},"3":{"start":{"line":4,"column":4},"end":{"line":4,"column":38}},"4":{"start":{"line":5,"column":4},"end":{"line":5,"column":41}},"5":{"start":{"line":6,"column":4},"end":{"line":8,"column":7}},"6":{"start":{"line":7,"column":8},"end":{"line":7,"column":45}},"7":{"start":{"line":9,"column":4},"end":{"line":12,"column":7}},"8":{"start":{"line":10,"column":8},"end":{"line":10,"column":27}},"9":{"start":{"line":11,"column":8},"end":{"line":11,"column":18}},"10":{"start":{"line":13,"column":4},"end":{"line":13,"column":98}},"11":{"start":{"line":16,"column":0},"end":{"line":16,"column":37}}},"fnMap":{"0":{"name":"(anonymous_0)","decl":{"start":{"line":3,"column":18},"end":{"line":3,"column":19}},"loc":{"start":{"line":3,"column":30},"end":{"line":14,"column":1}},"line":3},"1":{"name":"(anonymous_1)","decl":{"start":{"line":6,"column":40},"end":{"line":6,"column":41}},"loc":{"start":{"line":6,"column":46},"end":{"line":8,"column":5}},"line":6},"2":{"name":"(anonymous_2)","decl":{"start":{"line":9,"column":36},"end":{"line":9,"column":37}},"loc":{"start":{"line":9,"column":45},"end":{"line":12,"column":5}},"line":9}},"branchMap":{},"s":{"0":2,"1":2,"2":2,"3":2,"4":2,"5":2,"6":2,"7":2,"8":0,"9":0,"10":2,"11":2},"f":{"0":2,"1":2,"2":0},"b":{},"_coverageSchema":"1a1c01bbd47fc00a2c39e90264f33305004495a9","hash":"1d3d374256faaa9dfb907e933ed420e660b08018"}
,"/home/aayush/Programming/Internship Assesment/jest_testing/models/Post.js": {"path":"/home/aayush/Programming/Internship Assesment/jest_testing/models/Post.js","statementMap":{"0":{"start":{"line":1,"column":17},"end":{"line":1,"column":36}},"1":{"start":{"line":2,"column":15},"end":{"line":2,"column":30}},"2":{"start":{"line":3,"column":18},"end":{"line":24,"column":2}},"3":{"start":{"line":25,"column":0},"end":{"line":25,"column":59}}},"fnMap":{},"branchMap":{},"s":{"0":2,"1":2,"2":2,"3":2},"f":{},"b":{},"_coverageSchema":"1a1c01bbd47fc00a2c39e90264f33305004495a9","hash":"7a75ccce5db83a8ef00c1a3c04a95c25e920c043"}
,"/home/aayush/Programming/Internship Assesment/jest_testing/models/User.js": {"path":"/home/aayush/Programming/Internship Assesment/jest_testing/models/User.js","statementMap":{"0":{"start":{"line":1,"column":17},"end":{"line":1,"column":36}},"1":{"start":{"line":2,"column":15},"end":{"line":2,"column":30}},"2":{"start":{"line":3,"column":18},"end":{"line":16,"column":2}},"3":{"start":{"line":17,"column":0},"end":{"line":17,"column":58}}},"fnMap":{},"branchMap":{},"s":{"0":2,"1":2,"2":2,"3":2},"f":{},"b":{},"_coverageSchema":"1a1c01bbd47fc00a2c39e90264f33305004495a9","hash":"9dab787a5d85ede3c7d87c9e3d2833a711f456c9"}
,"/home/aayush/Programming/Internship Assesment/jest_testing/routes/Post.js": {"path":"/home/aayush/Programming/Internship Assesment/jest_testing/routes/Post.js","statementMap":{"0":{"start":{"line":1,"column":13},"end":{"line":1,"column":31}},"1":{"start":{"line":2,"column":9},"end":{"line":2,"column":24}},"2":{"start":{"line":3,"column":11},"end":{"line":3,"column":30}},"3":{"start":{"line":4,"column":11},"end":{"line":4,"column":27}},"4":{"start":{"line":5,"column":12},"end":{"line":5,"column":37}},"5":{"start":{"line":6,"column":0},"end":{"line":6,"column":30}},"6":{"start":{"line":7,"column":0},"end":{"line":7,"column":54}},"7":{"start":{"line":8,"column":12},"end":{"line":8,"column":35}},"8":{"start":{"line":11,"column":0},"end":{"line":36,"column":2}},"9":{"start":{"line":13,"column":4},"end":{"line":35,"column":6}},"10":{"start":{"line":14,"column":8},"end":{"line":34,"column":9}},"11":{"start":{"line":15,"column":12},"end":{"line":15,"column":43}},"12":{"start":{"line":18,"column":12},"end":{"line":32,"column":13}},"13":{"start":{"line":19,"column":16},"end":{"line":19,"column":36}},"14":{"start":{"line":20,"column":21},"end":{"line":28,"column":22}},"15":{"start":{"line":21,"column":24},"end":{"line":27,"column":25}},"16":{"start":{"line":22,"column":28},"end":{"line":22,"column":60}},"17":{"start":{"line":25,"column":28},"end":{"line":25,"column":39}},"18":{"start":{"line":26,"column":28},"end":{"line":26,"column":59}},"19":{"start":{"line":31,"column":16},"end":{"line":31,"column":55}},"20":{"start":{"line":38,"column":0},"end":{"line":42,"column":2}},"21":{"start":{"line":39,"column":0},"end":{"line":41,"column":2}},"22":{"start":{"line":40,"column":4},"end":{"line":40,"column":27}},"23":{"start":{"line":44,"column":0},"end":{"line":57,"column":2}},"24":{"start":{"line":45,"column":4},"end":{"line":56,"column":6}},"25":{"start":{"line":46,"column":8},"end":{"line":55,"column":9}},"26":{"start":{"line":47,"column":12},"end":{"line":50,"column":14}},"27":{"start":{"line":48,"column":16},"end":{"line":48,"column":35}},"28":{"start":{"line":49,"column":16},"end":{"line":49,"column":39}},"29":{"start":{"line":53,"column":12},"end":{"line":53,"column":28}},"30":{"start":{"line":54,"column":12},"end":{"line":54,"column":34}},"31":{"start":{"line":58,"column":0},"end":{"line":72,"column":2}},"32":{"start":{"line":59,"column":4},"end":{"line":71,"column":6}},"33":{"start":{"line":60,"column":8},"end":{"line":70,"column":9}},"34":{"start":{"line":61,"column":12},"end":{"line":61,"column":31}},"35":{"start":{"line":62,"column":12},"end":{"line":65,"column":14}},"36":{"start":{"line":63,"column":16},"end":{"line":63,"column":35}},"37":{"start":{"line":64,"column":16},"end":{"line":64,"column":39}},"38":{"start":{"line":68,"column":12},"end":{"line":68,"column":28}},"39":{"start":{"line":69,"column":12},"end":{"line":69,"column":34}},"40":{"start":{"line":74,"column":0},"end":{"line":85,"column":2}},"41":{"start":{"line":75,"column":4},"end":{"line":83,"column":6}},"42":{"start":{"line":76,"column":8},"end":{"line":82,"column":9}},"43":{"start":{"line":77,"column":12},"end":{"line":77,"column":48}},"44":{"start":{"line":80,"column":12},"end":{"line":80,"column":31}},"45":{"start":{"line":81,"column":12},"end":{"line":81,"column":33}},"46":{"start":{"line":87,"column":0},"end":{"line":96,"column":2}},"47":{"start":{"line":88,"column":4},"end":{"line":95,"column":6}},"48":{"start":{"line":89,"column":8},"end":{"line":94,"column":9}},"49":{"start":{"line":90,"column":12},"end":{"line":90,"column":32}},"50":{"start":{"line":93,"column":12},"end":{"line":93,"column":33}},"51":{"start":{"line":98,"column":0},"end":{"line":107,"column":2}},"52":{"start":{"line":99,"column":4},"end":{"line":106,"column":6}},"53":{"start":{"line":100,"column":8},"end":{"line":105,"column":9}},"54":{"start":{"line":101,"column":12},"end":{"line":101,"column":32}},"55":{"start":{"line":104,"column":12},"end":{"line":104,"column":33}},"56":{"start":{"line":109,"column":0},"end":{"line":109,"column":22}}},"fnMap":{"0":{"name":"(anonymous_0)","decl":{"start":{"line":11,"column":19},"end":{"line":11,"column":20}},"loc":{"start":{"line":11,"column":30},"end":{"line":36,"column":1}},"line":11},"1":{"name":"(anonymous_1)","decl":{"start":{"line":13,"column":73},"end":{"line":13,"column":74}},"loc":{"start":{"line":13,"column":87},"end":{"line":35,"column":5}},"line":13},"2":{"name":"(anonymous_2)","decl":{"start":{"line":20,"column":43},"end":{"line":20,"column":44}},"loc":{"start":{"line":20,"column":58},"end":{"line":28,"column":21}},"line":20},"3":{"name":"(anonymous_3)","decl":{"start":{"line":38,"column":21},"end":{"line":38,"column":22}},"loc":{"start":{"line":38,"column":34},"end":{"line":42,"column":1}},"line":38},"4":{"name":"(anonymous_4)","decl":{"start":{"line":39,"column":82},"end":{"line":39,"column":83}},"loc":{"start":{"line":39,"column":96},"end":{"line":41,"column":1}},"line":39},"5":{"name":"(anonymous_5)","decl":{"start":{"line":44,"column":23},"end":{"line":44,"column":24}},"loc":{"start":{"line":44,"column":34},"end":{"line":57,"column":1}},"line":44},"6":{"name":"(anonymous_6)","decl":{"start":{"line":45,"column":56},"end":{"line":45,"column":57}},"loc":{"start":{"line":45,"column":70},"end":{"line":56,"column":5}},"line":45},"7":{"name":"(anonymous_7)","decl":{"start":{"line":47,"column":25},"end":{"line":47,"column":26}},"loc":{"start":{"line":47,"column":39},"end":{"line":50,"column":13}},"line":47},"8":{"name":"(anonymous_8)","decl":{"start":{"line":58,"column":26},"end":{"line":58,"column":27}},"loc":{"start":{"line":58,"column":37},"end":{"line":72,"column":1}},"line":58},"9":{"name":"(anonymous_9)","decl":{"start":{"line":59,"column":59},"end":{"line":59,"column":60}},"loc":{"start":{"line":59,"column":73},"end":{"line":71,"column":5}},"line":59},"10":{"name":"(anonymous_10)","decl":{"start":{"line":62,"column":25},"end":{"line":62,"column":26}},"loc":{"start":{"line":62,"column":39},"end":{"line":65,"column":13}},"line":62},"11":{"name":"(anonymous_11)","decl":{"start":{"line":74,"column":28},"end":{"line":74,"column":29}},"loc":{"start":{"line":74,"column":39},"end":{"line":85,"column":1}},"line":74},"12":{"name":"(anonymous_12)","decl":{"start":{"line":75,"column":39},"end":{"line":75,"column":40}},"loc":{"start":{"line":75,"column":53},"end":{"line":83,"column":5}},"line":75},"13":{"name":"(anonymous_13)","decl":{"start":{"line":87,"column":29},"end":{"line":87,"column":30}},"loc":{"start":{"line":87,"column":40},"end":{"line":96,"column":1}},"line":87},"14":{"name":"(anonymous_14)","decl":{"start":{"line":88,"column":39},"end":{"line":88,"column":40}},"loc":{"start":{"line":88,"column":51},"end":{"line":95,"column":5}},"line":88},"15":{"name":"(anonymous_15)","decl":{"start":{"line":98,"column":20},"end":{"line":98,"column":21}},"loc":{"start":{"line":98,"column":31},"end":{"line":107,"column":1}},"line":98},"16":{"name":"(anonymous_16)","decl":{"start":{"line":99,"column":18},"end":{"line":99,"column":19}},"loc":{"start":{"line":99,"column":30},"end":{"line":106,"column":5}},"line":99}},"branchMap":{"0":{"loc":{"start":{"line":14,"column":8},"end":{"line":34,"column":9}},"type":"if","locations":[{"start":{"line":14,"column":8},"end":{"line":34,"column":9}},{"start":{"line":14,"column":8},"end":{"line":34,"column":9}}],"line":14},"1":{"loc":{"start":{"line":18,"column":12},"end":{"line":32,"column":13}},"type":"if","locations":[{"start":{"line":18,"column":12},"end":{"line":32,"column":13}},{"start":{"line":18,"column":12},"end":{"line":32,"column":13}}],"line":18},"2":{"loc":{"start":{"line":21,"column":24},"end":{"line":27,"column":25}},"type":"if","locations":[{"start":{"line":21,"column":24},"end":{"line":27,"column":25}},{"start":{"line":21,"column":24},"end":{"line":27,"column":25}}],"line":21},"3":{"loc":{"start":{"line":46,"column":8},"end":{"line":55,"column":9}},"type":"if","locations":[{"start":{"line":46,"column":8},"end":{"line":55,"column":9}},{"start":{"line":46,"column":8},"end":{"line":55,"column":9}}],"line":46},"4":{"loc":{"start":{"line":60,"column":8},"end":{"line":70,"column":9}},"type":"if","locations":[{"start":{"line":60,"column":8},"end":{"line":70,"column":9}},{"start":{"line":60,"column":8},"end":{"line":70,"column":9}}],"line":60},"5":{"loc":{"start":{"line":76,"column":8},"end":{"line":82,"column":9}},"type":"if","locations":[{"start":{"line":76,"column":8},"end":{"line":82,"column":9}},{"start":{"line":76,"column":8},"end":{"line":82,"column":9}}],"line":76},"6":{"loc":{"start":{"line":89,"column":8},"end":{"line":94,"column":9}},"type":"if","locations":[{"start":{"line":89,"column":8},"end":{"line":94,"column":9}},{"start":{"line":89,"column":8},"end":{"line":94,"column":9}}],"line":89},"7":{"loc":{"start":{"line":100,"column":8},"end":{"line":105,"column":9}},"type":"if","locations":[{"start":{"line":100,"column":8},"end":{"line":105,"column":9}},{"start":{"line":100,"column":8},"end":{"line":105,"column":9}}],"line":100}},"s":{"0":2,"1":2,"2":2,"3":2,"4":2,"5":2,"6":2,"7":2,"8":2,"9":0,"10":0,"11":0,"12":0,"13":0,"14":0,"15":0,"16":0,"17":0,"18":0,"19":0,"20":2,"21":0,"22":0,"23":2,"24":0,"25":0,"26":0,"27":0,"28":0,"29":0,"30":0,"31":2,"32":0,"33":0,"34":0,"35":0,"36":0,"37":0,"38":0,"39":0,"40":2,"41":1,"42":1,"43":0,"44":1,"45":1,"46":2,"47":1,"48":1,"49":0,"50":1,"51":2,"52":1,"53":1,"54":0,"55":1,"56":2},"f":{"0":0,"1":0,"2":0,"3":0,"4":0,"5":0,"6":0,"7":0,"8":0,"9":0,"10":0,"11":1,"12":1,"13":1,"14":1,"15":1,"16":1},"b":{"0":[0,0],"1":[0,0],"2":[0,0],"3":[0,0],"4":[0,0],"5":[0,1],"6":[0,1],"7":[0,1]},"_coverageSchema":"1a1c01bbd47fc00a2c39e90264f33305004495a9","hash":"bf57532094e1eb57dd19ad1cd71f715be832bd56"}
,"/home/aayush/Programming/Internship Assesment/jest_testing/routes/User.js": {"path":"/home/aayush/Programming/Internship Assesment/jest_testing/routes/User.js","statementMap":{"0":{"start":{"line":1,"column":13},"end":{"line":1,"column":31}},"1":{"start":{"line":2,"column":9},"end":{"line":2,"column":24}},"2":{"start":{"line":3,"column":11},"end":{"line":3,"column":30}},"3":{"start":{"line":4,"column":11},"end":{"line":4,"column":27}},"4":{"start":{"line":5,"column":12},"end":{"line":5,"column":37}},"5":{"start":{"line":6,"column":0},"end":{"line":6,"column":30}},"6":{"start":{"line":7,"column":0},"end":{"line":7,"column":54}},"7":{"start":{"line":8,"column":12},"end":{"line":8,"column":35}},"8":{"start":{"line":11,"column":0},"end":{"line":40,"column":2}},"9":{"start":{"line":12,"column":4},"end":{"line":12,"column":25}},"10":{"start":{"line":13,"column":4},"end":{"line":39,"column":6}},"11":{"start":{"line":14,"column":8},"end":{"line":38,"column":9}},"12":{"start":{"line":15,"column":12},"end":{"line":15,"column":43}},"13":{"start":{"line":18,"column":12},"end":{"line":36,"column":13}},"14":{"start":{"line":19,"column":16},"end":{"line":32,"column":18}},"15":{"start":{"line":20,"column":20},"end":{"line":20,"column":45}},"16":{"start":{"line":21,"column":20},"end":{"line":31,"column":22}},"17":{"start":{"line":22,"column":24},"end":{"line":30,"column":25}},"18":{"start":{"line":23,"column":28},"end":{"line":23,"column":60}},"19":{"start":{"line":26,"column":28},"end":{"line":26,"column":39}},"20":{"start":{"line":27,"column":28},"end":{"line":27,"column":121}},"21":{"start":{"line":28,"column":28},"end":{"line":28,"column":51}},"22":{"start":{"line":29,"column":28},"end":{"line":29,"column":73}},"23":{"start":{"line":35,"column":16},"end":{"line":35,"column":55}},"24":{"start":{"line":42,"column":0},"end":{"line":75,"column":2}},"25":{"start":{"line":44,"column":4},"end":{"line":74,"column":6}},"26":{"start":{"line":45,"column":8},"end":{"line":73,"column":9}},"27":{"start":{"line":46,"column":12},"end":{"line":46,"column":32}},"28":{"start":{"line":49,"column":12},"end":{"line":49,"column":31}},"29":{"start":{"line":50,"column":12},"end":{"line":72,"column":13}},"30":{"start":{"line":51,"column":16},"end":{"line":68,"column":18}},"31":{"start":{"line":52,"column":20},"end":{"line":67,"column":21}},"32":{"start":{"line":53,"column":24},"end":{"line":53,"column":44}},"33":{"start":{"line":54,"column":24},"end":{"line":54,"column":40}},"34":{"start":{"line":56,"column":24},"end":{"line":66,"column":25}},"35":{"start":{"line":57,"column":28},"end":{"line":60,"column":84}},"36":{"start":{"line":61,"column":28},"end":{"line":61,"column":37}},"37":{"start":{"line":62,"column":28},"end":{"line":62,"column":49}},"38":{"start":{"line":63,"column":28},"end":{"line":63,"column":46}},"39":{"start":{"line":64,"column":28},"end":{"line":64,"column":45}},"40":{"start":{"line":65,"column":28},"end":{"line":65,"column":50}},"41":{"start":{"line":71,"column":12},"end":{"line":71,"column":45}},"42":{"start":{"line":76,"column":0},"end":{"line":76,"column":22}}},"fnMap":{"0":{"name":"(anonymous_0)","decl":{"start":{"line":11,"column":24},"end":{"line":11,"column":25}},"loc":{"start":{"line":11,"column":35},"end":{"line":40,"column":1}},"line":11},"1":{"name":"(anonymous_1)","decl":{"start":{"line":13,"column":37},"end":{"line":13,"column":38}},"loc":{"start":{"line":13,"column":51},"end":{"line":39,"column":5}},"line":13},"2":{"name":"(anonymous_2)","decl":{"start":{"line":19,"column":51},"end":{"line":19,"column":52}},"loc":{"start":{"line":19,"column":78},"end":{"line":32,"column":17}},"line":19},"3":{"name":"(anonymous_3)","decl":{"start":{"line":21,"column":48},"end":{"line":21,"column":49}},"loc":{"start":{"line":21,"column":63},"end":{"line":31,"column":21}},"line":21},"4":{"name":"(anonymous_4)","decl":{"start":{"line":42,"column":21},"end":{"line":42,"column":22}},"loc":{"start":{"line":42,"column":34},"end":{"line":75,"column":1}},"line":42},"5":{"name":"(anonymous_5)","decl":{"start":{"line":44,"column":37},"end":{"line":44,"column":38}},"loc":{"start":{"line":44,"column":53},"end":{"line":74,"column":5}},"line":44},"6":{"name":"(anonymous_6)","decl":{"start":{"line":51,"column":70},"end":{"line":51,"column":71}},"loc":{"start":{"line":51,"column":94},"end":{"line":68,"column":17}},"line":51}},"branchMap":{"0":{"loc":{"start":{"line":14,"column":8},"end":{"line":38,"column":9}},"type":"if","locations":[{"start":{"line":14,"column":8},"end":{"line":38,"column":9}},{"start":{"line":14,"column":8},"end":{"line":38,"column":9}}],"line":14},"1":{"loc":{"start":{"line":18,"column":12},"end":{"line":36,"column":13}},"type":"if","locations":[{"start":{"line":18,"column":12},"end":{"line":36,"column":13}},{"start":{"line":18,"column":12},"end":{"line":36,"column":13}}],"line":18},"2":{"loc":{"start":{"line":22,"column":24},"end":{"line":30,"column":25}},"type":"if","locations":[{"start":{"line":22,"column":24},"end":{"line":30,"column":25}},{"start":{"line":22,"column":24},"end":{"line":30,"column":25}}],"line":22},"3":{"loc":{"start":{"line":45,"column":8},"end":{"line":73,"column":9}},"type":"if","locations":[{"start":{"line":45,"column":8},"end":{"line":73,"column":9}},{"start":{"line":45,"column":8},"end":{"line":73,"column":9}}],"line":45},"4":{"loc":{"start":{"line":50,"column":12},"end":{"line":72,"column":13}},"type":"if","locations":[{"start":{"line":50,"column":12},"end":{"line":72,"column":13}},{"start":{"line":50,"column":12},"end":{"line":72,"column":13}}],"line":50},"5":{"loc":{"start":{"line":52,"column":20},"end":{"line":67,"column":21}},"type":"if","locations":[{"start":{"line":52,"column":20},"end":{"line":67,"column":21}},{"start":{"line":52,"column":20},"end":{"line":67,"column":21}}],"line":52},"6":{"loc":{"start":{"line":56,"column":24},"end":{"line":66,"column":25}},"type":"if","locations":[{"start":{"line":56,"column":24},"end":{"line":66,"column":25}},{"start":{"line":56,"column":24},"end":{"line":66,"column":25}}],"line":56}},"s":{"0":2,"1":2,"2":2,"3":2,"4":2,"5":2,"6":2,"7":2,"8":2,"9":1,"10":1,"11":1,"12":0,"13":1,"14":0,"15":0,"16":0,"17":0,"18":0,"19":0,"20":0,"21":0,"22":0,"23":1,"24":2,"25":1,"26":1,"27":0,"28":1,"29":1,"30":1,"31":1,"32":0,"33":0,"34":1,"35":1,"36":1,"37":1,"38":1,"39":1,"40":1,"41":0,"42":2},"f":{"0":1,"1":1,"2":0,"3":0,"4":1,"5":1,"6":1},"b":{"0":[0,1],"1":[0,1],"2":[0,0],"3":[0,1],"4":[1,0],"5":[0,1],"6":[1,0]},"_coverageSchema":"1a1c01bbd47fc00a2c39e90264f33305004495a9","hash":"fb371eefad095f72cd5f2e00770c0c8f58e008ea"}
}
